c:\users\leo\desktop\uni\vj\vj-2d\2dgame\celeste\02-bubble\release\vc140.pdb
c:\users\leo\desktop\uni\vj\vj-2d\2dgame\celeste\02-bubble\release\texture.obj
c:\users\leo\desktop\uni\vj\vj-2d\2dgame\celeste\02-bubble\release\strawberry.obj
c:\users\leo\desktop\uni\vj\vj-2d\2dgame\celeste\02-bubble\release\sprite.obj
c:\users\leo\desktop\uni\vj\vj-2d\2dgame\celeste\02-bubble\release\spring.obj
c:\users\leo\desktop\uni\vj\vj-2d\2dgame\celeste\02-bubble\release\spike.obj
c:\users\leo\desktop\uni\vj\vj-2d\2dgame\celeste\02-bubble\release\soundcontrol.obj
c:\users\leo\desktop\uni\vj\vj-2d\2dgame\celeste\02-bubble\release\shaderprogram.obj
c:\users\leo\desktop\uni\vj\vj-2d\2dgame\celeste\02-bubble\release\shader.obj
c:\users\leo\desktop\uni\vj\vj-2d\2dgame\celeste\02-bubble\release\scene.obj
c:\users\leo\desktop\uni\vj\vj-2d\2dgame\celeste\02-bubble\release\rectangulo.obj
c:\users\leo\desktop\uni\vj\vj-2d\2dgame\celeste\02-bubble\release\player.obj
c:\users\leo\desktop\uni\vj\vj-2d\2dgame\celeste\02-bubble\release\plants.obj
c:\users\leo\desktop\uni\vj\vj-2d\2dgame\celeste\02-bubble\release\number.obj
c:\users\leo\desktop\uni\vj\vj-2d\2dgame\celeste\02-bubble\release\menu.obj
c:\users\leo\desktop\uni\vj\vj-2d\2dgame\celeste\02-bubble\release\main.obj
c:\users\leo\desktop\uni\vj\vj-2d\2dgame\celeste\02-bubble\release\game.obj
c:\users\leo\desktop\uni\vj\vj-2d\2dgame\celeste\02-bubble\release\flag.obj
c:\users\leo\desktop\uni\vj\vj-2d\2dgame\celeste\02-bubble\release\character.obj
c:\users\leo\desktop\uni\vj\vj-2d\2dgame\celeste\02-bubble\release\ballon.obj
c:\users\leo\desktop\uni\vj\vj-2d\2dgame\celeste\02-bubble\release\background.obj
c:\users\leo\desktop\uni\vj\vj-2d\2dgame\celeste\02-bubble\release\tilemap.obj
c:\users\leo\desktop\uni\vj\vj-2d\2dgame\celeste\release\02-bubble.exe
c:\users\leo\desktop\uni\vj\vj-2d\2dgame\celeste\release\02-bubble.ipdb
c:\users\leo\desktop\uni\vj\vj-2d\2dgame\celeste\release\02-bubble.iobj
c:\users\leo\desktop\uni\vj\vj-2d\2dgame\celeste\release\02-bubble.pdb
c:\users\leo\desktop\uni\vj\vj-2d\2dgame\celeste\02-bubble\release\02-bubble.tlog\cl.command.1.tlog
c:\users\leo\desktop\uni\vj\vj-2d\2dgame\celeste\02-bubble\release\02-bubble.tlog\cl.read.1.tlog
c:\users\leo\desktop\uni\vj\vj-2d\2dgame\celeste\02-bubble\release\02-bubble.tlog\cl.write.1.tlog
c:\users\leo\desktop\uni\vj\vj-2d\2dgame\celeste\02-bubble\release\02-bubble.tlog\link.command.1.tlog
c:\users\leo\desktop\uni\vj\vj-2d\2dgame\celeste\02-bubble\release\02-bubble.tlog\link.read.1.tlog
c:\users\leo\desktop\uni\vj\vj-2d\2dgame\celeste\02-bubble\release\02-bubble.tlog\link.write.1.tlog
