  Player.cpp
c:\users\leo\desktop\uni\vj\vj-2d\2dgame\celeste\02-bubble\player.cpp(195): warning C4244: '-=': conversion from 'double' to 'int', possible loss of data
c:\users\leo\desktop\uni\vj\vj-2d\2dgame\celeste\02-bubble\player.cpp(196): warning C4244: '-=': conversion from 'double' to 'int', possible loss of data
c:\users\leo\desktop\uni\vj\vj-2d\2dgame\celeste\02-bubble\player.cpp(200): warning C4244: '-=': conversion from 'double' to 'int', possible loss of data
c:\users\leo\desktop\uni\vj\vj-2d\2dgame\celeste\02-bubble\player.cpp(201): warning C4244: '+=': conversion from 'double' to 'int', possible loss of data
c:\users\leo\desktop\uni\vj\vj-2d\2dgame\celeste\02-bubble\player.cpp(204): warning C4244: '-=': conversion from 'float' to 'int', possible loss of data
c:\users\leo\desktop\uni\vj\vj-2d\2dgame\celeste\02-bubble\player.cpp(212): warning C4244: 'argument': conversion from 'double' to 'float', possible loss of data
c:\users\leo\desktop\uni\vj\vj-2d\2dgame\celeste\02-bubble\player.cpp(213): warning C4244: '-=': conversion from 'double' to 'int', possible loss of data
c:\users\leo\desktop\uni\vj\vj-2d\2dgame\celeste\02-bubble\player.cpp(217): warning C4244: 'argument': conversion from 'double' to 'float', possible loss of data
c:\users\leo\desktop\uni\vj\vj-2d\2dgame\celeste\02-bubble\player.cpp(218): warning C4244: '+=': conversion from 'double' to 'int', possible loss of data
c:\users\leo\desktop\uni\vj\vj-2d\2dgame\celeste\02-bubble\player.cpp(227): warning C4244: '-=': conversion from 'float' to 'int', possible loss of data
c:\users\leo\desktop\uni\vj\vj-2d\2dgame\celeste\02-bubble\player.cpp(231): warning C4244: '+=': conversion from 'float' to 'int', possible loss of data
c:\users\leo\desktop\uni\vj\vj-2d\2dgame\celeste\02-bubble\player.cpp(440): warning C4244: '-=': conversion from 'double' to 'int', possible loss of data
c:\users\leo\desktop\uni\vj\vj-2d\2dgame\celeste\02-bubble\player.cpp(441): warning C4244: '+=': conversion from 'double' to 'int', possible loss of data
c:\users\leo\desktop\uni\vj\vj-2d\2dgame\celeste\02-bubble\player.cpp(461): warning C4244: '+=': conversion from 'double' to 'int', possible loss of data
c:\users\leo\desktop\uni\vj\vj-2d\2dgame\celeste\02-bubble\player.cpp(462): warning C4244: '+=': conversion from 'double' to 'int', possible loss of data
c:\users\leo\desktop\uni\vj\vj-2d\2dgame\celeste\02-bubble\player.cpp(485): warning C4244: 'argument': conversion from 'int' to 'float', possible loss of data
  Generating Code...
  Skipping... (no relevant changes detected)
  main.cpp
  ballon.cpp
  Strawberry.cpp
  Spring.cpp
  Scene.cpp
  Game.cpp
SOIL.lib(image_DXT.obj) : warning LNK4099: PDB 'vc100.pdb' was not found with 'SOIL.lib(image_DXT.obj)' or at 'C:\Users\Leo\Desktop\UNI\VJ\VJ-2D\2DGame\Celeste\Debug\vc100.pdb'; linking object as if no debug info
SOIL.lib(image_helper.obj) : warning LNK4099: PDB 'vc100.pdb' was not found with 'SOIL.lib(image_helper.obj)' or at 'C:\Users\Leo\Desktop\UNI\VJ\VJ-2D\2DGame\Celeste\Debug\vc100.pdb'; linking object as if no debug info
SOIL.lib(SOIL.obj) : warning LNK4099: PDB 'vc100.pdb' was not found with 'SOIL.lib(SOIL.obj)' or at 'C:\Users\Leo\Desktop\UNI\VJ\VJ-2D\2DGame\Celeste\Debug\vc100.pdb'; linking object as if no debug info
SOIL.lib(stb_image_aug.obj) : warning LNK4099: PDB 'vc100.pdb' was not found with 'SOIL.lib(stb_image_aug.obj)' or at 'C:\Users\Leo\Desktop\UNI\VJ\VJ-2D\2DGame\Celeste\Debug\vc100.pdb'; linking object as if no debug info
  02-Bubble.vcxproj -> C:\Users\Leo\Desktop\UNI\VJ\VJ-2D\2DGame\Celeste\Debug\02-Bubble.exe
  02-Bubble.vcxproj -> C:\Users\Leo\Desktop\UNI\VJ\VJ-2D\2DGame\Celeste\Debug\02-Bubble.pdb (Full PDB)
