c:\users\danim\vj\vj-2d\2dgame\celeste\02-bubble\debug\vc140.pdb
c:\users\danim\vj\vj-2d\2dgame\celeste\02-bubble\debug\vc140.idb
c:\users\danim\vj\vj-2d\2dgame\celeste\02-bubble\debug\game.obj
c:\users\danim\vj\vj-2d\2dgame\celeste\02-bubble\debug\main.obj
c:\users\danim\vj\vj-2d\2dgame\celeste\02-bubble\debug\player.obj
c:\users\danim\vj\vj-2d\2dgame\celeste\02-bubble\debug\scene.obj
c:\users\danim\vj\vj-2d\2dgame\celeste\02-bubble\debug\shader.obj
c:\users\danim\vj\vj-2d\2dgame\celeste\02-bubble\debug\shaderprogram.obj
c:\users\danim\vj\vj-2d\2dgame\celeste\02-bubble\debug\spring.obj
c:\users\danim\vj\vj-2d\2dgame\celeste\02-bubble\debug\sprite.obj
c:\users\danim\vj\vj-2d\2dgame\celeste\02-bubble\debug\strawberry.obj
c:\users\danim\vj\vj-2d\2dgame\celeste\02-bubble\debug\texture.obj
c:\users\danim\vj\vj-2d\2dgame\celeste\02-bubble\debug\tilemap.obj
c:\users\danim\vj\vj-2d\2dgame\celeste\debug\02-bubble.ilk
c:\users\danim\vj\vj-2d\2dgame\celeste\debug\02-bubble.exe
c:\users\danim\vj\vj-2d\2dgame\celeste\debug\02-bubble.pdb
c:\users\danim\vj\vj-2d\2dgame\celeste\02-bubble\debug\02-bubble.tlog\cl.command.1.tlog
c:\users\danim\vj\vj-2d\2dgame\celeste\02-bubble\debug\02-bubble.tlog\cl.read.1.tlog
c:\users\danim\vj\vj-2d\2dgame\celeste\02-bubble\debug\02-bubble.tlog\cl.write.1.tlog
c:\users\danim\vj\vj-2d\2dgame\celeste\02-bubble\debug\02-bubble.tlog\link.command.1.tlog
c:\users\danim\vj\vj-2d\2dgame\celeste\02-bubble\debug\02-bubble.tlog\link.read.1.tlog
c:\users\danim\vj\vj-2d\2dgame\celeste\02-bubble\debug\02-bubble.tlog\link.write.1.tlog
